<?xml version="1.0" encoding="UTF-8"?>
<testsuite name="com.crossover.e2e.GMailTest" tests="1" skipped="0" failures="0" errors="0" timestamp="2020-06-02T09:28:55" hostname="PUN-U738423L001" time="93.341">
  <properties/>
  <testcase name="testSendEmail" classname="com.crossover.e2e.GMailTest" time="93.341"/>
  <system-out><![CDATA[Mail is verified to be labeled as social
Mail subject has been verified correctly
Mail Body has been verified successfully
]]></system-out>
  <system-err><![CDATA[Starting ChromeDriver 83.0.4103.39 (ccbf011cb2d2b19b506d844400483861342c20cd-refs/branch-heads/4103@{#416}) on port 14189
Only local connections are allowed.
Please see https://chromedriver.chromium.org/security-considerations for suggestions on keeping ChromeDriver safe.
ChromeDriver was started successfully.
]]></system-err>
</testsuite>
